21:47:03 23.12.2024 [              deliver.git]: |   INFO|: Downloading (or updating) all repos and store them
21:47:03 23.12.2024 [              deliver.git]: |   INFO|: Updating all repos
21:47:09 23.12.2024 [                     make]: |   INFO|: Parse and store all homeworks...
21:47:09 23.12.2024 [                     make]: |   INFO|: Run new checks on all solutions...
21:47:10 23.12.2024 [                    score]: |WARNING|: Empty task_qualifier file
21:47:10 23.12.2024 [                    score]: |WARNING|: Empty user_qualifier file
21:47:10 23.12.2024 [                    score]: |WARNING|: Empty formula file
21:47:10 23.12.2024 [                    score]: |   INFO|: Importing user functions...
21:47:10 23.12.2024 [                    score]: |   INFO|: Performing all imported qualifiers...
23:43:40 23.12.2024 [              deliver.git]: |   INFO|: Downloading (or updating) all repos and store them
23:43:40 23.12.2024 [              deliver.git]: |   INFO|: Updating all repos
23:45:05 23.12.2024 [                     make]: |   INFO|: Parse and store all homeworks...
23:45:06 23.12.2024 [                     make]: |   INFO|: Run new checks on all solutions...
23:45:21 23.12.2024 [            check.runtime]: |WARNING|: Waiting 1 seconds for C:\Users\Acer\AppData\Local\Temp\hworker_check\Him_20241210_1.py to die
23:45:26 23.12.2024 [            check.runtime]: |WARNING|: Waiting 1 seconds for C:\Users\Acer\AppData\Local\Temp\hworker_check\Him_20241210_1.py to die
23:45:31 23.12.2024 [            check.runtime]: |WARNING|: Waiting 1 seconds for C:\Users\Acer\AppData\Local\Temp\hworker_check\Him_20241210_1.py to die
23:45:48 23.12.2024 [            check.runtime]: |WARNING|: Waiting 1 seconds for C:\Users\Acer\AppData\Local\Temp\hworker_check\Me_20241210_1.py to die
23:45:53 23.12.2024 [            check.runtime]: |WARNING|: Waiting 1 seconds for C:\Users\Acer\AppData\Local\Temp\hworker_check\Me_20241210_1.py to die
23:45:58 23.12.2024 [            check.runtime]: |WARNING|: Waiting 1 seconds for C:\Users\Acer\AppData\Local\Temp\hworker_check\Me_20241210_1.py to die
23:45:59 23.12.2024 [                     make]: |WARNING|: Not found check named<Him20241210/1/1> from solution ID=Me:20241210/1, TASK_ID=20241210/1, USER_ID=Me, timestamp=2024-12-16 23:58:40
23:45:59 23.12.2024 [                     make]: |WARNING|: Not found check named<Him20241210/1/2> from solution ID=Me:20241210/1, TASK_ID=20241210/1, USER_ID=Me, timestamp=2024-12-16 23:58:40
23:46:00 23.12.2024 [                    score]: |   INFO|: Importing user functions...
23:46:00 23.12.2024 [                    score]: |   INFO|: Performing all imported qualifiers...
23:50:18 23.12.2024 [              deliver.git]: |   INFO|: Downloading (or updating) all repos and store them
23:50:18 23.12.2024 [              deliver.git]: |   INFO|: Updating all repos
23:51:44 23.12.2024 [                     make]: |   INFO|: Parse and store all homeworks...
23:51:45 23.12.2024 [                     make]: |   INFO|: Run new checks on all solutions...
23:51:45 23.12.2024 [                     make]: |WARNING|: Not found check named<Him20241210/1/1> from solution ID=Me:20241210/1, TASK_ID=20241210/1, USER_ID=Me, timestamp=2024-12-16 23:58:40
23:51:45 23.12.2024 [                     make]: |WARNING|: Not found check named<Him20241210/1/2> from solution ID=Me:20241210/1, TASK_ID=20241210/1, USER_ID=Me, timestamp=2024-12-16 23:58:40
23:51:45 23.12.2024 [                    score]: |   INFO|: Importing user functions...
23:51:45 23.12.2024 [                    score]: |   INFO|: Performing all imported qualifiers...
13:07:29 24.12.2024 [              deliver.git]: |   INFO|: Downloading (or updating) all repos and store them
13:07:29 24.12.2024 [              deliver.git]: |   INFO|: Updating all repos
13:08:10 24.12.2024 [                     make]: |   INFO|: Parse and store all homeworks...
13:08:11 24.12.2024 [                     make]: |   INFO|: Run new checks on all solutions...
13:08:11 24.12.2024 [                     make]: |WARNING|: Not found check named<Гайдей Мария:20240910/1/1> from solution ID=Him:20240910/1, TASK_ID=20240910/1, USER_ID=Him, timestamp=2024-09-16 15:06:00
13:08:11 24.12.2024 [                     make]: |WARNING|: Not found check named<Гайдей Мария:20240910/1/2> from solution ID=Him:20240910/1, TASK_ID=20240910/1, USER_ID=Him, timestamp=2024-09-16 15:06:00
13:08:11 24.12.2024 [                     make]: |WARNING|: Not found check named<Гайдей Мария:20240910/1/3> from solution ID=Him:20240910/1, TASK_ID=20240910/1, USER_ID=Him, timestamp=2024-09-16 15:06:00
13:08:11 24.12.2024 [                     make]: |WARNING|: Not found check named<Гайдей Мария:20240917/1/1> from solution ID=Him:20240917/1, TASK_ID=20240917/1, USER_ID=Him, timestamp=2024-09-23 19:44:41
13:08:11 24.12.2024 [                     make]: |WARNING|: Not found check named<Гайдей Мария:20240917/1/2> from solution ID=Him:20240917/1, TASK_ID=20240917/1, USER_ID=Him, timestamp=2024-09-23 19:44:41
13:08:11 24.12.2024 [                     make]: |WARNING|: Not found check named<Гайдей Мария:20240917/1/3> from solution ID=Him:20240917/1, TASK_ID=20240917/1, USER_ID=Him, timestamp=2024-09-23 19:44:41
13:08:11 24.12.2024 [                     make]: |WARNING|: Not found check named<Гайдей Мария:20240917/2/1> from solution ID=Him:20240917/2, TASK_ID=20240917/2, USER_ID=Him, timestamp=2024-09-23 19:44:41
13:08:11 24.12.2024 [                     make]: |WARNING|: Not found check named<Гайдей Мария:20240917/2/2> from solution ID=Him:20240917/2, TASK_ID=20240917/2, USER_ID=Him, timestamp=2024-09-23 19:44:41
13:08:11 24.12.2024 [                     make]: |WARNING|: Not found check named<Гайдей Мария:20240917/2/3> from solution ID=Him:20240917/2, TASK_ID=20240917/2, USER_ID=Him, timestamp=2024-09-23 19:44:41
13:08:11 24.12.2024 [                     make]: |WARNING|: Not found check named<Гайдей Мария:20240917/3/1> from solution ID=Him:20240917/3, TASK_ID=20240917/3, USER_ID=Him, timestamp=2024-09-23 19:44:41
13:08:11 24.12.2024 [                     make]: |WARNING|: Not found check named<Гайдей Мария:20240917/3/2> from solution ID=Him:20240917/3, TASK_ID=20240917/3, USER_ID=Him, timestamp=2024-09-23 19:44:41
13:08:11 24.12.2024 [                     make]: |WARNING|: Not found check named<Гайдей Мария:20240917/3/3> from solution ID=Him:20240917/3, TASK_ID=20240917/3, USER_ID=Him, timestamp=2024-09-23 19:44:41
13:08:11 24.12.2024 [                     make]: |WARNING|: Not found check named<Гайдей Мария:20240924/1/1> from solution ID=Him:20240924/1, TASK_ID=20240924/1, USER_ID=Him, timestamp=2024-09-30 09:32:40
13:08:11 24.12.2024 [                     make]: |WARNING|: Not found check named<Гайдей Мария:20240924/1/2> from solution ID=Him:20240924/1, TASK_ID=20240924/1, USER_ID=Him, timestamp=2024-09-30 09:32:40
13:08:11 24.12.2024 [                     make]: |WARNING|: Not found check named<Гайдей Мария:20240924/1/3> from solution ID=Him:20240924/1, TASK_ID=20240924/1, USER_ID=Him, timestamp=2024-09-30 09:32:40
13:08:11 24.12.2024 [                     make]: |WARNING|: Not found check named<Гайдей Мария:20240924/2/1> from solution ID=Him:20240924/2, TASK_ID=20240924/2, USER_ID=Him, timestamp=2024-09-30 09:32:40
13:08:11 24.12.2024 [                     make]: |WARNING|: Not found check named<Гайдей Мария:20240924/2/2> from solution ID=Him:20240924/2, TASK_ID=20240924/2, USER_ID=Him, timestamp=2024-09-30 09:32:40
13:08:11 24.12.2024 [                     make]: |WARNING|: Not found check named<Гайдей Мария:20240924/2/3> from solution ID=Him:20240924/2, TASK_ID=20240924/2, USER_ID=Him, timestamp=2024-09-30 09:32:40
13:08:11 24.12.2024 [                     make]: |WARNING|: Not found check named<Гайдей Мария:20240924/3/1> from solution ID=Him:20240924/3, TASK_ID=20240924/3, USER_ID=Him, timestamp=2024-09-30 09:32:40
13:08:11 24.12.2024 [                     make]: |WARNING|: Not found check named<Гайдей Мария:20240924/3/2> from solution ID=Him:20240924/3, TASK_ID=20240924/3, USER_ID=Him, timestamp=2024-09-30 09:32:40
13:08:11 24.12.2024 [                     make]: |WARNING|: Not found check named<Гайдей Мария:20240924/3/3> from solution ID=Him:20240924/3, TASK_ID=20240924/3, USER_ID=Him, timestamp=2024-09-30 09:32:40
13:08:11 24.12.2024 [                     make]: |WARNING|: Not found check named<Гайдей Мария:20241001/1/1> from solution ID=Him:20241001/1, TASK_ID=20241001/1, USER_ID=Him, timestamp=2024-10-07 01:36:05
13:08:11 24.12.2024 [                     make]: |WARNING|: Not found check named<Гайдей Мария:20241001/1/2> from solution ID=Him:20241001/1, TASK_ID=20241001/1, USER_ID=Him, timestamp=2024-10-07 01:36:05
13:08:11 24.12.2024 [                     make]: |WARNING|: Not found check named<Гайдей Мария:20241001/1/3> from solution ID=Him:20241001/1, TASK_ID=20241001/1, USER_ID=Him, timestamp=2024-10-07 01:36:05
13:08:11 24.12.2024 [                     make]: |WARNING|: Not found check named<Гайдей Мария:20241001/2/1> from solution ID=Him:20241001/2, TASK_ID=20241001/2, USER_ID=Him, timestamp=2024-10-07 01:36:05
13:08:11 24.12.2024 [                     make]: |WARNING|: Not found check named<Гайдей Мария:20241001/2/2> from solution ID=Him:20241001/2, TASK_ID=20241001/2, USER_ID=Him, timestamp=2024-10-07 01:36:05
13:08:11 24.12.2024 [                     make]: |WARNING|: Not found check named<Гайдей Мария:20241001/2/3> from solution ID=Him:20241001/2, TASK_ID=20241001/2, USER_ID=Him, timestamp=2024-10-07 01:36:05
13:08:11 24.12.2024 [                     make]: |WARNING|: Not found check named<Гайдей Мария:20241001/2/4> from solution ID=Him:20241001/2, TASK_ID=20241001/2, USER_ID=Him, timestamp=2024-10-07 01:36:05
13:08:11 24.12.2024 [                     make]: |WARNING|: Not found check named<Гайдей Мария:20241001/2/5> from solution ID=Him:20241001/2, TASK_ID=20241001/2, USER_ID=Him, timestamp=2024-10-07 01:36:05
13:08:11 24.12.2024 [                     make]: |WARNING|: Not found check named<Гайдей Мария:20241001/3/1> from solution ID=Him:20241001/3, TASK_ID=20241001/3, USER_ID=Him, timestamp=2024-10-07 01:36:05
13:08:11 24.12.2024 [                     make]: |WARNING|: Not found check named<Гайдей Мария:20241001/3/2> from solution ID=Him:20241001/3, TASK_ID=20241001/3, USER_ID=Him, timestamp=2024-10-07 01:36:05
13:08:11 24.12.2024 [                     make]: |WARNING|: Not found check named<Гайдей Мария:20241001/3/3> from solution ID=Him:20241001/3, TASK_ID=20241001/3, USER_ID=Him, timestamp=2024-10-07 01:36:05
13:08:11 24.12.2024 [                     make]: |WARNING|: Not found check named<Гайдей Мария:20241008/1/1> from solution ID=Him:20241008/1, TASK_ID=20241008/1, USER_ID=Him, timestamp=2024-10-14 14:50:16
13:08:11 24.12.2024 [                     make]: |WARNING|: Not found check named<Гайдей Мария:20241008/1/2> from solution ID=Him:20241008/1, TASK_ID=20241008/1, USER_ID=Him, timestamp=2024-10-14 14:50:16
13:08:11 24.12.2024 [                     make]: |WARNING|: Not found check named<Гайдей Мария:20241008/1/3> from solution ID=Him:20241008/1, TASK_ID=20241008/1, USER_ID=Him, timestamp=2024-10-14 14:50:16
13:08:11 24.12.2024 [                     make]: |WARNING|: Not found check named<Гайдей Мария:20241008/2/1> from solution ID=Him:20241008/2, TASK_ID=20241008/2, USER_ID=Him, timestamp=2024-10-14 14:50:16
13:08:11 24.12.2024 [                     make]: |WARNING|: Not found check named<Гайдей Мария:20241008/2/2> from solution ID=Him:20241008/2, TASK_ID=20241008/2, USER_ID=Him, timestamp=2024-10-14 14:50:16
13:08:11 24.12.2024 [                     make]: |WARNING|: Not found check named<Гайдей Мария:20241008/2/3> from solution ID=Him:20241008/2, TASK_ID=20241008/2, USER_ID=Him, timestamp=2024-10-14 14:50:16
13:08:11 24.12.2024 [                     make]: |WARNING|: Not found check named<Гайдей Мария:20241008/3/1> from solution ID=Him:20241008/3, TASK_ID=20241008/3, USER_ID=Him, timestamp=2024-10-14 14:50:16
13:08:11 24.12.2024 [                     make]: |WARNING|: Not found check named<Гайдей Мария:20241008/3/2> from solution ID=Him:20241008/3, TASK_ID=20241008/3, USER_ID=Him, timestamp=2024-10-14 14:50:16
13:08:11 24.12.2024 [                     make]: |WARNING|: Not found check named<Гайдей Мария:20241008/3/3> from solution ID=Him:20241008/3, TASK_ID=20241008/3, USER_ID=Him, timestamp=2024-10-14 14:50:16
13:08:11 24.12.2024 [                     make]: |WARNING|: Not found check named<Гайдей Мария:20241015/1/1> from solution ID=Him:20241015/1, TASK_ID=20241015/1, USER_ID=Him, timestamp=2024-10-21 14:42:10
13:08:11 24.12.2024 [                     make]: |WARNING|: Not found check named<Гайдей Мария:20241015/1/2> from solution ID=Him:20241015/1, TASK_ID=20241015/1, USER_ID=Him, timestamp=2024-10-21 14:42:10
13:08:11 24.12.2024 [                     make]: |WARNING|: Not found check named<Гайдей Мария:20241015/1/3> from solution ID=Him:20241015/1, TASK_ID=20241015/1, USER_ID=Him, timestamp=2024-10-21 14:42:10
13:08:11 24.12.2024 [                     make]: |WARNING|: Not found check named<Гайдей Мария:20241015/2/1> from solution ID=Him:20241015/2, TASK_ID=20241015/2, USER_ID=Him, timestamp=2024-10-21 22:55:37
13:08:11 24.12.2024 [                     make]: |WARNING|: Not found check named<Гайдей Мария:20241015/2/2> from solution ID=Him:20241015/2, TASK_ID=20241015/2, USER_ID=Him, timestamp=2024-10-21 22:55:37
13:08:11 24.12.2024 [                     make]: |WARNING|: Not found check named<Гайдей Мария:20241015/2/3> from solution ID=Him:20241015/2, TASK_ID=20241015/2, USER_ID=Him, timestamp=2024-10-21 22:55:37
13:08:11 24.12.2024 [                     make]: |WARNING|: Not found check named<Гайдей Мария:20241015/3/1> from solution ID=Him:20241015/3, TASK_ID=20241015/3, USER_ID=Him, timestamp=2024-10-21 14:42:10
13:08:11 24.12.2024 [                     make]: |WARNING|: Not found check named<Гайдей Мария:20241015/3/2> from solution ID=Him:20241015/3, TASK_ID=20241015/3, USER_ID=Him, timestamp=2024-10-21 14:42:10
13:08:11 24.12.2024 [                     make]: |WARNING|: Not found check named<Гайдей Мария:20241015/3/3> from solution ID=Him:20241015/3, TASK_ID=20241015/3, USER_ID=Him, timestamp=2024-10-21 14:42:10
13:08:11 24.12.2024 [                     make]: |WARNING|: Not found check named<Гайдей Мария:20241022/1/1> from solution ID=Him:20241022/1, TASK_ID=20241022/1, USER_ID=Him, timestamp=2024-10-31 01:42:01
13:08:11 24.12.2024 [                     make]: |WARNING|: Not found check named<Гайдей Мария:20241022/1/2> from solution ID=Him:20241022/1, TASK_ID=20241022/1, USER_ID=Him, timestamp=2024-10-31 01:42:01
13:08:11 24.12.2024 [                     make]: |WARNING|: Not found check named<Гайдей Мария:20241022/1/3> from solution ID=Him:20241022/1, TASK_ID=20241022/1, USER_ID=Him, timestamp=2024-10-31 01:42:01
13:08:11 24.12.2024 [                     make]: |WARNING|: Not found check named<Гайдей Мария:20241022/2/1> from solution ID=Him:20241022/2, TASK_ID=20241022/2, USER_ID=Him, timestamp=2024-10-31 01:42:01
13:08:11 24.12.2024 [                     make]: |WARNING|: Not found check named<Гайдей Мария:20241022/2/2> from solution ID=Him:20241022/2, TASK_ID=20241022/2, USER_ID=Him, timestamp=2024-10-31 01:42:01
13:08:11 24.12.2024 [                     make]: |WARNING|: Not found check named<Гайдей Мария:20241022/2/3> from solution ID=Him:20241022/2, TASK_ID=20241022/2, USER_ID=Him, timestamp=2024-10-31 01:42:01
13:08:11 24.12.2024 [                     make]: |WARNING|: Not found check named<Гайдей Мария:20241022/3/1> from solution ID=Him:20241022/3, TASK_ID=20241022/3, USER_ID=Him, timestamp=2024-10-31 01:42:01
13:08:11 24.12.2024 [                     make]: |WARNING|: Not found check named<Гайдей Мария:20241022/3/2> from solution ID=Him:20241022/3, TASK_ID=20241022/3, USER_ID=Him, timestamp=2024-10-31 01:42:01
13:08:11 24.12.2024 [                     make]: |WARNING|: Not found check named<Гайдей Мария:20241022/3/3> from solution ID=Him:20241022/3, TASK_ID=20241022/3, USER_ID=Him, timestamp=2024-10-31 01:42:01
13:08:11 24.12.2024 [                     make]: |WARNING|: Not found check named<Гайдей Мария:20241105/1/1> from solution ID=Him:20241105/1, TASK_ID=20241105/1, USER_ID=Him, timestamp=2024-11-11 19:38:23
13:08:11 24.12.2024 [                     make]: |WARNING|: Not found check named<Гайдей Мария:20241105/1/2> from solution ID=Him:20241105/1, TASK_ID=20241105/1, USER_ID=Him, timestamp=2024-11-11 19:38:23
13:08:11 24.12.2024 [                     make]: |WARNING|: Not found check named<Гайдей Мария:20241105/1/3> from solution ID=Him:20241105/1, TASK_ID=20241105/1, USER_ID=Him, timestamp=2024-11-11 19:38:23
13:08:11 24.12.2024 [                     make]: |WARNING|: Not found check named<Гайдей Мария:20241105/2/1> from solution ID=Him:20241105/2, TASK_ID=20241105/2, USER_ID=Him, timestamp=2024-11-11 19:38:23
13:08:11 24.12.2024 [                     make]: |WARNING|: Not found check named<Гайдей Мария:20241105/2/2> from solution ID=Him:20241105/2, TASK_ID=20241105/2, USER_ID=Him, timestamp=2024-11-11 19:38:23
13:08:11 24.12.2024 [                     make]: |WARNING|: Not found check named<Гайдей Мария:20241105/2/3> from solution ID=Him:20241105/2, TASK_ID=20241105/2, USER_ID=Him, timestamp=2024-11-11 19:38:23
13:08:11 24.12.2024 [                     make]: |WARNING|: Not found check named<Гайдей Мария:20241105/3/1> from solution ID=Him:20241105/3, TASK_ID=20241105/3, USER_ID=Him, timestamp=2024-11-11 19:38:23
13:08:11 24.12.2024 [                     make]: |WARNING|: Not found check named<Гайдей Мария:20241105/3/2> from solution ID=Him:20241105/3, TASK_ID=20241105/3, USER_ID=Him, timestamp=2024-11-11 19:38:23
13:08:11 24.12.2024 [                     make]: |WARNING|: Not found check named<Гайдей Мария:20241105/3/3> from solution ID=Him:20241105/3, TASK_ID=20241105/3, USER_ID=Him, timestamp=2024-11-11 19:38:23
13:08:11 24.12.2024 [                     make]: |WARNING|: Not found check named<Гайдей Мария:20241112/1/1> from solution ID=Him:20241112/1, TASK_ID=20241112/1, USER_ID=Him, timestamp=2024-11-19 08:51:46
13:08:11 24.12.2024 [                     make]: |WARNING|: Not found check named<Гайдей Мария:20241112/1/2> from solution ID=Him:20241112/1, TASK_ID=20241112/1, USER_ID=Him, timestamp=2024-11-19 08:51:46
13:08:11 24.12.2024 [                     make]: |WARNING|: Not found check named<Гайдей Мария:20241112/1/3> from solution ID=Him:20241112/1, TASK_ID=20241112/1, USER_ID=Him, timestamp=2024-11-19 08:51:46
13:08:11 24.12.2024 [                     make]: |WARNING|: Not found check named<Гайдей Мария:20241112/2/1> from solution ID=Him:20241112/2, TASK_ID=20241112/2, USER_ID=Him, timestamp=2024-11-19 08:51:46
13:08:11 24.12.2024 [                     make]: |WARNING|: Not found check named<Гайдей Мария:20241112/2/2> from solution ID=Him:20241112/2, TASK_ID=20241112/2, USER_ID=Him, timestamp=2024-11-19 08:51:46
13:08:11 24.12.2024 [                     make]: |WARNING|: Not found check named<Гайдей Мария:20241112/2/3> from solution ID=Him:20241112/2, TASK_ID=20241112/2, USER_ID=Him, timestamp=2024-11-19 08:51:46
13:08:11 24.12.2024 [                     make]: |WARNING|: Not found check named<Гайдей Мария:20241112/3/1> from solution ID=Him:20241112/3, TASK_ID=20241112/3, USER_ID=Him, timestamp=2024-11-19 08:51:46
13:08:11 24.12.2024 [                     make]: |WARNING|: Not found check named<Гайдей Мария:20241112/3/2> from solution ID=Him:20241112/3, TASK_ID=20241112/3, USER_ID=Him, timestamp=2024-11-19 08:51:46
13:08:11 24.12.2024 [                     make]: |WARNING|: Not found check named<Гайдей Мария:20241112/3/3> from solution ID=Him:20241112/3, TASK_ID=20241112/3, USER_ID=Him, timestamp=2024-11-19 08:51:46
13:08:11 24.12.2024 [                     make]: |WARNING|: Not found check named<Гайдей Мария:20241119/1/1> from solution ID=Him:20241119/1, TASK_ID=20241119/1, USER_ID=Him, timestamp=2024-11-25 23:21:27
13:08:11 24.12.2024 [                     make]: |WARNING|: Not found check named<Гайдей Мария:20241119/1/2> from solution ID=Him:20241119/1, TASK_ID=20241119/1, USER_ID=Him, timestamp=2024-11-25 23:21:27
13:08:11 24.12.2024 [                     make]: |WARNING|: Not found check named<Гайдей Мария:20241119/1/3> from solution ID=Him:20241119/1, TASK_ID=20241119/1, USER_ID=Him, timestamp=2024-11-25 23:21:27
13:08:11 24.12.2024 [                     make]: |WARNING|: Not found check named<Гайдей Мария:20241119/2/1> from solution ID=Him:20241119/2, TASK_ID=20241119/2, USER_ID=Him, timestamp=2024-11-25 23:21:27
13:08:11 24.12.2024 [                     make]: |WARNING|: Not found check named<Гайдей Мария:20241119/2/2> from solution ID=Him:20241119/2, TASK_ID=20241119/2, USER_ID=Him, timestamp=2024-11-25 23:21:27
13:08:11 24.12.2024 [                     make]: |WARNING|: Not found check named<Гайдей Мария:20241119/2/3> from solution ID=Him:20241119/2, TASK_ID=20241119/2, USER_ID=Him, timestamp=2024-11-25 23:21:27
13:08:11 24.12.2024 [                     make]: |WARNING|: Not found check named<Гайдей Мария:20241119/3/1> from solution ID=Him:20241119/3, TASK_ID=20241119/3, USER_ID=Him, timestamp=2024-11-25 23:21:27
13:08:11 24.12.2024 [                     make]: |WARNING|: Not found check named<Гайдей Мария:20241119/3/2> from solution ID=Him:20241119/3, TASK_ID=20241119/3, USER_ID=Him, timestamp=2024-11-25 23:21:27
13:08:11 24.12.2024 [                     make]: |WARNING|: Not found check named<Гайдей Мария:20241119/3/3> from solution ID=Him:20241119/3, TASK_ID=20241119/3, USER_ID=Him, timestamp=2024-11-25 23:21:27
13:08:11 24.12.2024 [                     make]: |WARNING|: Not found check named<Гайдей Мария:20241126/1/1> from solution ID=Him:20241126/1, TASK_ID=20241126/1, USER_ID=Him, timestamp=2024-12-02 21:55:44
13:08:11 24.12.2024 [                     make]: |WARNING|: Not found check named<Гайдей Мария:20241126/1/2> from solution ID=Him:20241126/1, TASK_ID=20241126/1, USER_ID=Him, timestamp=2024-12-02 21:55:44
13:08:11 24.12.2024 [                     make]: |WARNING|: Not found check named<Гайдей Мария:20241126/1/3> from solution ID=Him:20241126/1, TASK_ID=20241126/1, USER_ID=Him, timestamp=2024-12-02 21:55:44
13:08:11 24.12.2024 [                     make]: |WARNING|: Not found check named<Гайдей Мария:20241126/2/1> from solution ID=Him:20241126/2, TASK_ID=20241126/2, USER_ID=Him, timestamp=2024-12-02 21:55:44
13:08:11 24.12.2024 [                     make]: |WARNING|: Not found check named<Гайдей Мария:20241126/2/2> from solution ID=Him:20241126/2, TASK_ID=20241126/2, USER_ID=Him, timestamp=2024-12-02 21:55:44
13:08:11 24.12.2024 [                     make]: |WARNING|: Not found check named<Гайдей Мария:20241126/2/3> from solution ID=Him:20241126/2, TASK_ID=20241126/2, USER_ID=Him, timestamp=2024-12-02 21:55:44
13:08:11 24.12.2024 [                     make]: |WARNING|: Not found check named<Гайдей Мария:20241126/3/1> from solution ID=Him:20241126/3, TASK_ID=20241126/3, USER_ID=Him, timestamp=2024-12-02 21:55:44
13:08:11 24.12.2024 [                     make]: |WARNING|: Not found check named<Гайдей Мария:20241126/3/2> from solution ID=Him:20241126/3, TASK_ID=20241126/3, USER_ID=Him, timestamp=2024-12-02 21:55:44
13:08:11 24.12.2024 [                     make]: |WARNING|: Not found check named<Гайдей Мария:20241126/3/3> from solution ID=Him:20241126/3, TASK_ID=20241126/3, USER_ID=Him, timestamp=2024-12-02 21:55:44
13:08:11 24.12.2024 [                     make]: |WARNING|: Not found check named<Гайдей Мария:20241203/1/1> from solution ID=Him:20241203/1, TASK_ID=20241203/1, USER_ID=Him, timestamp=2024-12-09 09:46:51
13:08:11 24.12.2024 [                     make]: |WARNING|: Not found check named<Гайдей Мария:20241203/1/2> from solution ID=Him:20241203/1, TASK_ID=20241203/1, USER_ID=Him, timestamp=2024-12-09 09:46:51
13:08:11 24.12.2024 [                     make]: |WARNING|: Not found check named<Гайдей Мария:20241203/1/3> from solution ID=Him:20241203/1, TASK_ID=20241203/1, USER_ID=Him, timestamp=2024-12-09 09:46:51
13:08:11 24.12.2024 [                     make]: |WARNING|: Not found check named<Гайдей Мария:20241203/2/1> from solution ID=Him:20241203/2, TASK_ID=20241203/2, USER_ID=Him, timestamp=2024-12-09 09:46:51
13:08:11 24.12.2024 [                     make]: |WARNING|: Not found check named<Гайдей Мария:20241203/2/2> from solution ID=Him:20241203/2, TASK_ID=20241203/2, USER_ID=Him, timestamp=2024-12-09 09:46:51
13:08:11 24.12.2024 [                     make]: |WARNING|: Not found check named<Гайдей Мария:20241203/2/3> from solution ID=Him:20241203/2, TASK_ID=20241203/2, USER_ID=Him, timestamp=2024-12-09 09:46:51
13:08:11 24.12.2024 [                     make]: |WARNING|: Not found check named<Гайдей Мария:20241210/1/1> from solution ID=Him:20241210/1, TASK_ID=20241210/1, USER_ID=Him, timestamp=2024-12-17 00:18:00
13:08:11 24.12.2024 [                     make]: |WARNING|: Not found check named<Гайдей Мария:20241210/1/2> from solution ID=Him:20241210/1, TASK_ID=20241210/1, USER_ID=Him, timestamp=2024-12-17 00:18:00
13:08:11 24.12.2024 [                     make]: |WARNING|: Not found check named<Гайдей Мария:20241210/1/3> from solution ID=Him:20241210/1, TASK_ID=20241210/1, USER_ID=Him, timestamp=2024-12-17 00:18:00
13:08:11 24.12.2024 [                     make]: |WARNING|: Not found check named<Гайдей Мария:20241210/2/1> from solution ID=Him:20241210/2, TASK_ID=20241210/2, USER_ID=Him, timestamp=2024-12-17 00:18:00
13:08:11 24.12.2024 [                     make]: |WARNING|: Not found check named<Гайдей Мария:20241210/2/2> from solution ID=Him:20241210/2, TASK_ID=20241210/2, USER_ID=Him, timestamp=2024-12-17 00:18:00
13:08:11 24.12.2024 [                     make]: |WARNING|: Not found check named<Гайдей Мария:20241210/2/3> from solution ID=Him:20241210/2, TASK_ID=20241210/2, USER_ID=Him, timestamp=2024-12-17 00:18:00
13:08:11 24.12.2024 [                     make]: |WARNING|: Not found check named<Никитин Михаил:20240910/1/1> from solution ID=Me:20240910/1, TASK_ID=20240910/1, USER_ID=Me, timestamp=2024-09-16 18:44:40
13:08:11 24.12.2024 [                     make]: |WARNING|: Not found check named<Никитин Михаил:20240910/1/2> from solution ID=Me:20240910/1, TASK_ID=20240910/1, USER_ID=Me, timestamp=2024-09-16 18:44:40
13:08:11 24.12.2024 [                     make]: |WARNING|: Not found check named<Никитин Михаил:20240910/1/3> from solution ID=Me:20240910/1, TASK_ID=20240910/1, USER_ID=Me, timestamp=2024-09-16 18:44:40
13:08:11 24.12.2024 [                     make]: |WARNING|: Not found check named<Никитин Михаил:20240917/1/1> from solution ID=Me:20240917/1, TASK_ID=20240917/1, USER_ID=Me, timestamp=2024-09-23 22:14:40
13:08:11 24.12.2024 [                     make]: |WARNING|: Not found check named<Никитин Михаил:20240917/1/2> from solution ID=Me:20240917/1, TASK_ID=20240917/1, USER_ID=Me, timestamp=2024-09-23 22:14:40
13:08:11 24.12.2024 [                     make]: |WARNING|: Not found check named<Никитин Михаил:20240917/1/3> from solution ID=Me:20240917/1, TASK_ID=20240917/1, USER_ID=Me, timestamp=2024-09-23 22:14:40
13:08:11 24.12.2024 [                     make]: |WARNING|: Not found check named<Никитин Михаил:20240917/2/1> from solution ID=Me:20240917/2, TASK_ID=20240917/2, USER_ID=Me, timestamp=2024-09-23 22:14:40
13:08:11 24.12.2024 [                     make]: |WARNING|: Not found check named<Никитин Михаил:20240917/2/2> from solution ID=Me:20240917/2, TASK_ID=20240917/2, USER_ID=Me, timestamp=2024-09-23 22:14:40
13:08:11 24.12.2024 [                     make]: |WARNING|: Not found check named<Никитин Михаил:20240917/2/3> from solution ID=Me:20240917/2, TASK_ID=20240917/2, USER_ID=Me, timestamp=2024-09-23 22:14:40
13:08:11 24.12.2024 [                     make]: |WARNING|: Not found check named<Никитин Михаил:20240917/3/1> from solution ID=Me:20240917/3, TASK_ID=20240917/3, USER_ID=Me, timestamp=2024-09-23 22:14:40
13:08:11 24.12.2024 [                     make]: |WARNING|: Not found check named<Никитин Михаил:20240917/3/2> from solution ID=Me:20240917/3, TASK_ID=20240917/3, USER_ID=Me, timestamp=2024-09-23 22:14:40
13:08:11 24.12.2024 [                     make]: |WARNING|: Not found check named<Никитин Михаил:20240917/3/3> from solution ID=Me:20240917/3, TASK_ID=20240917/3, USER_ID=Me, timestamp=2024-09-23 22:14:40
13:08:11 24.12.2024 [                     make]: |WARNING|: Not found check named<Никитин Михаил:20240924/1/1> from solution ID=Me:20240924/1, TASK_ID=20240924/1, USER_ID=Me, timestamp=2024-09-30 19:12:22
13:08:11 24.12.2024 [                     make]: |WARNING|: Not found check named<Никитин Михаил:20240924/1/2> from solution ID=Me:20240924/1, TASK_ID=20240924/1, USER_ID=Me, timestamp=2024-09-30 19:12:22
13:08:11 24.12.2024 [                     make]: |WARNING|: Not found check named<Никитин Михаил:20240924/1/3> from solution ID=Me:20240924/1, TASK_ID=20240924/1, USER_ID=Me, timestamp=2024-09-30 19:12:22
13:08:11 24.12.2024 [                     make]: |WARNING|: Not found check named<Никитин Михаил:20240924/2/1> from solution ID=Me:20240924/2, TASK_ID=20240924/2, USER_ID=Me, timestamp=2024-09-30 19:12:22
13:08:11 24.12.2024 [                     make]: |WARNING|: Not found check named<Никитин Михаил:20240924/2/2> from solution ID=Me:20240924/2, TASK_ID=20240924/2, USER_ID=Me, timestamp=2024-09-30 19:12:22
13:08:11 24.12.2024 [                     make]: |WARNING|: Not found check named<Никитин Михаил:20240924/2/3> from solution ID=Me:20240924/2, TASK_ID=20240924/2, USER_ID=Me, timestamp=2024-09-30 19:12:22
13:08:11 24.12.2024 [                     make]: |WARNING|: Not found check named<Никитин Михаил:20240924/3/1> from solution ID=Me:20240924/3, TASK_ID=20240924/3, USER_ID=Me, timestamp=2024-09-30 19:12:22
13:08:11 24.12.2024 [                     make]: |WARNING|: Not found check named<Никитин Михаил:20240924/3/2> from solution ID=Me:20240924/3, TASK_ID=20240924/3, USER_ID=Me, timestamp=2024-09-30 19:12:22
13:08:11 24.12.2024 [                     make]: |WARNING|: Not found check named<Никитин Михаил:20240924/3/3> from solution ID=Me:20240924/3, TASK_ID=20240924/3, USER_ID=Me, timestamp=2024-09-30 19:12:22
13:08:11 24.12.2024 [                     make]: |WARNING|: Not found check named<Никитин Михаил:20241001/1/1> from solution ID=Me:20241001/1, TASK_ID=20241001/1, USER_ID=Me, timestamp=2024-10-07 19:58:06
13:08:11 24.12.2024 [                     make]: |WARNING|: Not found check named<Никитин Михаил:20241001/1/2> from solution ID=Me:20241001/1, TASK_ID=20241001/1, USER_ID=Me, timestamp=2024-10-07 19:58:06
13:08:11 24.12.2024 [                     make]: |WARNING|: Not found check named<Никитин Михаил:20241001/1/3> from solution ID=Me:20241001/1, TASK_ID=20241001/1, USER_ID=Me, timestamp=2024-10-07 19:58:06
13:08:11 24.12.2024 [                     make]: |WARNING|: Not found check named<Никитин Михаил:20241001/2/1> from solution ID=Me:20241001/2, TASK_ID=20241001/2, USER_ID=Me, timestamp=2024-10-07 19:58:06
13:08:11 24.12.2024 [                     make]: |WARNING|: Not found check named<Никитин Михаил:20241001/2/2> from solution ID=Me:20241001/2, TASK_ID=20241001/2, USER_ID=Me, timestamp=2024-10-07 19:58:06
13:08:11 24.12.2024 [                     make]: |WARNING|: Not found check named<Никитин Михаил:20241001/2/3> from solution ID=Me:20241001/2, TASK_ID=20241001/2, USER_ID=Me, timestamp=2024-10-07 19:58:06
13:08:11 24.12.2024 [                     make]: |WARNING|: Not found check named<Никитин Михаил:20241001/2/4> from solution ID=Me:20241001/2, TASK_ID=20241001/2, USER_ID=Me, timestamp=2024-10-07 19:58:06
13:08:11 24.12.2024 [                     make]: |WARNING|: Not found check named<Никитин Михаил:20241001/2/5> from solution ID=Me:20241001/2, TASK_ID=20241001/2, USER_ID=Me, timestamp=2024-10-07 19:58:06
13:08:11 24.12.2024 [                     make]: |WARNING|: Not found check named<Никитин Михаил:20241001/3/1> from solution ID=Me:20241001/3, TASK_ID=20241001/3, USER_ID=Me, timestamp=2024-10-07 19:58:06
13:08:11 24.12.2024 [                     make]: |WARNING|: Not found check named<Никитин Михаил:20241001/3/2> from solution ID=Me:20241001/3, TASK_ID=20241001/3, USER_ID=Me, timestamp=2024-10-07 19:58:06
13:08:11 24.12.2024 [                     make]: |WARNING|: Not found check named<Никитин Михаил:20241001/3/3> from solution ID=Me:20241001/3, TASK_ID=20241001/3, USER_ID=Me, timestamp=2024-10-07 19:58:06
13:08:11 24.12.2024 [                     make]: |WARNING|: Not found check named<Никитин Михаил:20241008/1/1> from solution ID=Me:20241008/1, TASK_ID=20241008/1, USER_ID=Me, timestamp=2024-10-14 21:00:37
13:08:11 24.12.2024 [                     make]: |WARNING|: Not found check named<Никитин Михаил:20241008/1/2> from solution ID=Me:20241008/1, TASK_ID=20241008/1, USER_ID=Me, timestamp=2024-10-14 21:00:37
13:08:11 24.12.2024 [                     make]: |WARNING|: Not found check named<Никитин Михаил:20241008/1/3> from solution ID=Me:20241008/1, TASK_ID=20241008/1, USER_ID=Me, timestamp=2024-10-14 21:00:37
13:08:11 24.12.2024 [                     make]: |WARNING|: Not found check named<Никитин Михаил:20241008/2/1> from solution ID=Me:20241008/2, TASK_ID=20241008/2, USER_ID=Me, timestamp=2024-10-14 21:00:37
13:08:11 24.12.2024 [                     make]: |WARNING|: Not found check named<Никитин Михаил:20241008/2/2> from solution ID=Me:20241008/2, TASK_ID=20241008/2, USER_ID=Me, timestamp=2024-10-14 21:00:37
13:08:11 24.12.2024 [                     make]: |WARNING|: Not found check named<Никитин Михаил:20241008/2/3> from solution ID=Me:20241008/2, TASK_ID=20241008/2, USER_ID=Me, timestamp=2024-10-14 21:00:37
13:08:11 24.12.2024 [                     make]: |WARNING|: Not found check named<Никитин Михаил:20241008/3/1> from solution ID=Me:20241008/3, TASK_ID=20241008/3, USER_ID=Me, timestamp=2024-10-14 21:00:37
13:08:11 24.12.2024 [                     make]: |WARNING|: Not found check named<Никитин Михаил:20241008/3/2> from solution ID=Me:20241008/3, TASK_ID=20241008/3, USER_ID=Me, timestamp=2024-10-14 21:00:37
13:08:11 24.12.2024 [                     make]: |WARNING|: Not found check named<Никитин Михаил:20241008/3/3> from solution ID=Me:20241008/3, TASK_ID=20241008/3, USER_ID=Me, timestamp=2024-10-14 21:00:37
13:08:11 24.12.2024 [                     make]: |WARNING|: Not found check named<Никитин Михаил:20241015/1/1> from solution ID=Me:20241015/1, TASK_ID=20241015/1, USER_ID=Me, timestamp=2024-10-21 23:53:52
13:08:11 24.12.2024 [                     make]: |WARNING|: Not found check named<Никитин Михаил:20241015/1/2> from solution ID=Me:20241015/1, TASK_ID=20241015/1, USER_ID=Me, timestamp=2024-10-21 23:53:52
13:08:11 24.12.2024 [                     make]: |WARNING|: Not found check named<Никитин Михаил:20241015/1/3> from solution ID=Me:20241015/1, TASK_ID=20241015/1, USER_ID=Me, timestamp=2024-10-21 23:53:52
13:08:11 24.12.2024 [                     make]: |WARNING|: Not found check named<Никитин Михаил:20241015/2/1> from solution ID=Me:20241015/2, TASK_ID=20241015/2, USER_ID=Me, timestamp=2024-10-21 23:53:52
13:08:11 24.12.2024 [                     make]: |WARNING|: Not found check named<Никитин Михаил:20241015/2/2> from solution ID=Me:20241015/2, TASK_ID=20241015/2, USER_ID=Me, timestamp=2024-10-21 23:53:52
13:08:11 24.12.2024 [                     make]: |WARNING|: Not found check named<Никитин Михаил:20241015/2/3> from solution ID=Me:20241015/2, TASK_ID=20241015/2, USER_ID=Me, timestamp=2024-10-21 23:53:52
13:08:11 24.12.2024 [                     make]: |WARNING|: Not found check named<Никитин Михаил:20241015/3/1> from solution ID=Me:20241015/3, TASK_ID=20241015/3, USER_ID=Me, timestamp=2024-10-21 23:50:28
13:08:11 24.12.2024 [                     make]: |WARNING|: Not found check named<Никитин Михаил:20241015/3/2> from solution ID=Me:20241015/3, TASK_ID=20241015/3, USER_ID=Me, timestamp=2024-10-21 23:50:28
13:08:11 24.12.2024 [                     make]: |WARNING|: Not found check named<Никитин Михаил:20241015/3/3> from solution ID=Me:20241015/3, TASK_ID=20241015/3, USER_ID=Me, timestamp=2024-10-21 23:50:28
13:08:11 24.12.2024 [                     make]: |WARNING|: Not found check named<Никитин Михаил:20241022/1/1> from solution ID=Me:20241022/1, TASK_ID=20241022/1, USER_ID=Me, timestamp=2024-11-04 23:20:00
13:08:11 24.12.2024 [                     make]: |WARNING|: Not found check named<Никитин Михаил:20241022/1/2> from solution ID=Me:20241022/1, TASK_ID=20241022/1, USER_ID=Me, timestamp=2024-11-04 23:20:00
13:08:11 24.12.2024 [                     make]: |WARNING|: Not found check named<Никитин Михаил:20241022/1/3> from solution ID=Me:20241022/1, TASK_ID=20241022/1, USER_ID=Me, timestamp=2024-11-04 23:20:00
13:08:11 24.12.2024 [                     make]: |WARNING|: Not found check named<Никитин Михаил:20241022/2/1> from solution ID=Me:20241022/2, TASK_ID=20241022/2, USER_ID=Me, timestamp=2024-11-04 23:20:00
13:08:11 24.12.2024 [                     make]: |WARNING|: Not found check named<Никитин Михаил:20241022/2/2> from solution ID=Me:20241022/2, TASK_ID=20241022/2, USER_ID=Me, timestamp=2024-11-04 23:20:00
13:08:11 24.12.2024 [                     make]: |WARNING|: Not found check named<Никитин Михаил:20241022/2/3> from solution ID=Me:20241022/2, TASK_ID=20241022/2, USER_ID=Me, timestamp=2024-11-04 23:20:00
13:08:11 24.12.2024 [                     make]: |WARNING|: Not found check named<Никитин Михаил:20241022/3/1> from solution ID=Me:20241022/3, TASK_ID=20241022/3, USER_ID=Me, timestamp=2024-11-04 23:20:00
13:08:11 24.12.2024 [                     make]: |WARNING|: Not found check named<Никитин Михаил:20241022/3/2> from solution ID=Me:20241022/3, TASK_ID=20241022/3, USER_ID=Me, timestamp=2024-11-04 23:20:00
13:08:11 24.12.2024 [                     make]: |WARNING|: Not found check named<Никитин Михаил:20241022/3/3> from solution ID=Me:20241022/3, TASK_ID=20241022/3, USER_ID=Me, timestamp=2024-11-04 23:20:00
13:08:11 24.12.2024 [                     make]: |WARNING|: Not found check named<Никитин Михаил:20241105/1/1> from solution ID=Me:20241105/1, TASK_ID=20241105/1, USER_ID=Me, timestamp=2024-11-12 00:53:03
13:08:11 24.12.2024 [                     make]: |WARNING|: Not found check named<Никитин Михаил:20241105/1/2> from solution ID=Me:20241105/1, TASK_ID=20241105/1, USER_ID=Me, timestamp=2024-11-12 00:53:03
13:08:11 24.12.2024 [                     make]: |WARNING|: Not found check named<Никитин Михаил:20241105/1/3> from solution ID=Me:20241105/1, TASK_ID=20241105/1, USER_ID=Me, timestamp=2024-11-12 00:53:03
13:08:11 24.12.2024 [                     make]: |WARNING|: Not found check named<Никитин Михаил:20241105/2/1> from solution ID=Me:20241105/2, TASK_ID=20241105/2, USER_ID=Me, timestamp=2024-11-12 00:53:03
13:08:11 24.12.2024 [                     make]: |WARNING|: Not found check named<Никитин Михаил:20241105/2/2> from solution ID=Me:20241105/2, TASK_ID=20241105/2, USER_ID=Me, timestamp=2024-11-12 00:53:03
13:08:11 24.12.2024 [                     make]: |WARNING|: Not found check named<Никитин Михаил:20241105/2/3> from solution ID=Me:20241105/2, TASK_ID=20241105/2, USER_ID=Me, timestamp=2024-11-12 00:53:03
13:08:11 24.12.2024 [                     make]: |WARNING|: Not found check named<Никитин Михаил:20241105/3/1> from solution ID=Me:20241105/3, TASK_ID=20241105/3, USER_ID=Me, timestamp=2024-11-12 00:53:03
13:08:11 24.12.2024 [                     make]: |WARNING|: Not found check named<Никитин Михаил:20241105/3/2> from solution ID=Me:20241105/3, TASK_ID=20241105/3, USER_ID=Me, timestamp=2024-11-12 00:53:03
13:08:11 24.12.2024 [                     make]: |WARNING|: Not found check named<Никитин Михаил:20241105/3/3> from solution ID=Me:20241105/3, TASK_ID=20241105/3, USER_ID=Me, timestamp=2024-11-12 00:53:03
13:08:11 24.12.2024 [                     make]: |WARNING|: Not found check named<Никитин Михаил:20241112/1/1> from solution ID=Me:20241112/1, TASK_ID=20241112/1, USER_ID=Me, timestamp=2024-11-18 19:47:13
13:08:11 24.12.2024 [                     make]: |WARNING|: Not found check named<Никитин Михаил:20241112/1/2> from solution ID=Me:20241112/1, TASK_ID=20241112/1, USER_ID=Me, timestamp=2024-11-18 19:47:13
13:08:11 24.12.2024 [                     make]: |WARNING|: Not found check named<Никитин Михаил:20241112/1/3> from solution ID=Me:20241112/1, TASK_ID=20241112/1, USER_ID=Me, timestamp=2024-11-18 19:47:13
13:08:11 24.12.2024 [                     make]: |WARNING|: Not found check named<Никитин Михаил:20241112/2/1> from solution ID=Me:20241112/2, TASK_ID=20241112/2, USER_ID=Me, timestamp=2024-11-18 19:47:13
13:08:11 24.12.2024 [                     make]: |WARNING|: Not found check named<Никитин Михаил:20241112/2/2> from solution ID=Me:20241112/2, TASK_ID=20241112/2, USER_ID=Me, timestamp=2024-11-18 19:47:13
13:08:11 24.12.2024 [                     make]: |WARNING|: Not found check named<Никитин Михаил:20241112/2/3> from solution ID=Me:20241112/2, TASK_ID=20241112/2, USER_ID=Me, timestamp=2024-11-18 19:47:13
13:08:11 24.12.2024 [                     make]: |WARNING|: Not found check named<Никитин Михаил:20241112/3/1> from solution ID=Me:20241112/3, TASK_ID=20241112/3, USER_ID=Me, timestamp=2024-11-18 19:47:13
13:08:11 24.12.2024 [                     make]: |WARNING|: Not found check named<Никитин Михаил:20241112/3/2> from solution ID=Me:20241112/3, TASK_ID=20241112/3, USER_ID=Me, timestamp=2024-11-18 19:47:13
13:08:11 24.12.2024 [                     make]: |WARNING|: Not found check named<Никитин Михаил:20241112/3/3> from solution ID=Me:20241112/3, TASK_ID=20241112/3, USER_ID=Me, timestamp=2024-11-18 19:47:13
13:08:11 24.12.2024 [                     make]: |WARNING|: Not found check named<Никитин Михаил:20241119/1/1> from solution ID=Me:20241119/1, TASK_ID=20241119/1, USER_ID=Me, timestamp=2024-11-25 20:34:22
13:08:11 24.12.2024 [                     make]: |WARNING|: Not found check named<Никитин Михаил:20241119/1/2> from solution ID=Me:20241119/1, TASK_ID=20241119/1, USER_ID=Me, timestamp=2024-11-25 20:34:22
13:08:11 24.12.2024 [                     make]: |WARNING|: Not found check named<Никитин Михаил:20241119/1/3> from solution ID=Me:20241119/1, TASK_ID=20241119/1, USER_ID=Me, timestamp=2024-11-25 20:34:22
13:08:11 24.12.2024 [                     make]: |WARNING|: Not found check named<Никитин Михаил:20241119/2/1> from solution ID=Me:20241119/2, TASK_ID=20241119/2, USER_ID=Me, timestamp=2024-11-25 20:34:22
13:08:11 24.12.2024 [                     make]: |WARNING|: Not found check named<Никитин Михаил:20241119/2/2> from solution ID=Me:20241119/2, TASK_ID=20241119/2, USER_ID=Me, timestamp=2024-11-25 20:34:22
13:08:11 24.12.2024 [                     make]: |WARNING|: Not found check named<Никитин Михаил:20241119/2/3> from solution ID=Me:20241119/2, TASK_ID=20241119/2, USER_ID=Me, timestamp=2024-11-25 20:34:22
13:08:11 24.12.2024 [                     make]: |WARNING|: Not found check named<Никитин Михаил:20241119/3/1> from solution ID=Me:20241119/3, TASK_ID=20241119/3, USER_ID=Me, timestamp=2024-11-25 20:34:22
13:08:11 24.12.2024 [                     make]: |WARNING|: Not found check named<Никитин Михаил:20241119/3/2> from solution ID=Me:20241119/3, TASK_ID=20241119/3, USER_ID=Me, timestamp=2024-11-25 20:34:22
13:08:11 24.12.2024 [                     make]: |WARNING|: Not found check named<Никитин Михаил:20241119/3/3> from solution ID=Me:20241119/3, TASK_ID=20241119/3, USER_ID=Me, timestamp=2024-11-25 20:34:22
13:08:11 24.12.2024 [                     make]: |WARNING|: Not found check named<Никитин Михаил:20241126/1/1> from solution ID=Me:20241126/1, TASK_ID=20241126/1, USER_ID=Me, timestamp=2024-12-02 22:52:44
13:08:11 24.12.2024 [                     make]: |WARNING|: Not found check named<Никитин Михаил:20241126/1/2> from solution ID=Me:20241126/1, TASK_ID=20241126/1, USER_ID=Me, timestamp=2024-12-02 22:52:44
13:08:11 24.12.2024 [                     make]: |WARNING|: Not found check named<Никитин Михаил:20241126/1/3> from solution ID=Me:20241126/1, TASK_ID=20241126/1, USER_ID=Me, timestamp=2024-12-02 22:52:44
13:08:11 24.12.2024 [                     make]: |WARNING|: Not found check named<Никитин Михаил:20241126/2/1> from solution ID=Me:20241126/2, TASK_ID=20241126/2, USER_ID=Me, timestamp=2024-12-02 22:52:44
13:08:11 24.12.2024 [                     make]: |WARNING|: Not found check named<Никитин Михаил:20241126/2/2> from solution ID=Me:20241126/2, TASK_ID=20241126/2, USER_ID=Me, timestamp=2024-12-02 22:52:44
13:08:11 24.12.2024 [                     make]: |WARNING|: Not found check named<Никитин Михаил:20241126/2/3> from solution ID=Me:20241126/2, TASK_ID=20241126/2, USER_ID=Me, timestamp=2024-12-02 22:52:44
13:08:11 24.12.2024 [                     make]: |WARNING|: Not found check named<Никитин Михаил:20241126/3/1> from solution ID=Me:20241126/3, TASK_ID=20241126/3, USER_ID=Me, timestamp=2024-12-02 21:51:43
13:08:11 24.12.2024 [                     make]: |WARNING|: Not found check named<Никитин Михаил:20241126/3/2> from solution ID=Me:20241126/3, TASK_ID=20241126/3, USER_ID=Me, timestamp=2024-12-02 21:51:43
13:08:11 24.12.2024 [                     make]: |WARNING|: Not found check named<Никитин Михаил:20241126/3/3> from solution ID=Me:20241126/3, TASK_ID=20241126/3, USER_ID=Me, timestamp=2024-12-02 21:51:43
13:08:11 24.12.2024 [                     make]: |WARNING|: Not found check named<Никитин Михаил:20241203/1/1> from solution ID=Me:20241203/1, TASK_ID=20241203/1, USER_ID=Me, timestamp=2024-12-10 03:04:37
13:08:11 24.12.2024 [                     make]: |WARNING|: Not found check named<Никитин Михаил:20241203/1/2> from solution ID=Me:20241203/1, TASK_ID=20241203/1, USER_ID=Me, timestamp=2024-12-10 03:04:37
13:08:11 24.12.2024 [                     make]: |WARNING|: Not found check named<Никитин Михаил:20241203/1/3> from solution ID=Me:20241203/1, TASK_ID=20241203/1, USER_ID=Me, timestamp=2024-12-10 03:04:37
13:08:11 24.12.2024 [                     make]: |WARNING|: Not found check named<Никитин Михаил:20241203/2/1> from solution ID=Me:20241203/2, TASK_ID=20241203/2, USER_ID=Me, timestamp=2024-12-10 03:04:37
13:08:11 24.12.2024 [                     make]: |WARNING|: Not found check named<Никитин Михаил:20241203/2/2> from solution ID=Me:20241203/2, TASK_ID=20241203/2, USER_ID=Me, timestamp=2024-12-10 03:04:37
13:08:11 24.12.2024 [                     make]: |WARNING|: Not found check named<Никитин Михаил:20241203/2/3> from solution ID=Me:20241203/2, TASK_ID=20241203/2, USER_ID=Me, timestamp=2024-12-10 03:04:37
13:08:15 24.12.2024 [            check.runtime]: |WARNING|: Waiting 1 seconds for /tmp/.private/s02220679/hworker_check/Me_20241210_1.py to die
13:08:20 24.12.2024 [            check.runtime]: |WARNING|: Waiting 1 seconds for /tmp/.private/s02220679/hworker_check/Me_20241210_1.py to die
13:08:25 24.12.2024 [            check.runtime]: |WARNING|: Waiting 1 seconds for /tmp/.private/s02220679/hworker_check/Me_20241210_1.py to die
13:08:26 24.12.2024 [                     make]: |WARNING|: Not found check named<Никитин Михаил:20241210/1/1> from solution ID=Me:20241210/1, TASK_ID=20241210/1, USER_ID=Me, timestamp=2024-12-23 23:55:35
13:08:26 24.12.2024 [                     make]: |WARNING|: Not found check named<Никитин Михаил:20241210/1/2> from solution ID=Me:20241210/1, TASK_ID=20241210/1, USER_ID=Me, timestamp=2024-12-23 23:55:35
13:08:26 24.12.2024 [                     make]: |WARNING|: Not found check named<Никитин Михаил:20241210/1/3> from solution ID=Me:20241210/1, TASK_ID=20241210/1, USER_ID=Me, timestamp=2024-12-23 23:55:35
13:08:26 24.12.2024 [                     make]: |WARNING|: Not found check named<Никитин Михаил:20241210/2/1> from solution ID=Me:20241210/2, TASK_ID=20241210/2, USER_ID=Me, timestamp=2024-12-17 01:13:03
13:08:26 24.12.2024 [                     make]: |WARNING|: Not found check named<Никитин Михаил:20241210/2/2> from solution ID=Me:20241210/2, TASK_ID=20241210/2, USER_ID=Me, timestamp=2024-12-17 01:13:03
13:08:26 24.12.2024 [                     make]: |WARNING|: Not found check named<Никитин Михаил:20241210/2/3> from solution ID=Me:20241210/2, TASK_ID=20241210/2, USER_ID=Me, timestamp=2024-12-17 01:13:03
13:08:26 24.12.2024 [                    score]: |   INFO|: Importing user functions...
13:08:26 24.12.2024 [                    score]: |   INFO|: Performing all imported qualifiers...
